<?xml version="1.0" encoding="UTF-8"?>
<!-- Generated by org.testng.reporters.JUnitXMLReporter -->
<testsuite ignored="0" hostname="Sunil_Kashyap" failures="0" tests="4" name="PetStoreTest" time="9.794" errors="0" timestamp="2025-10-18T07:34:28 IST">
  <testcase classname="api.tests.UserTestUsingPropertiesFileData" name="testPostUser" time="3.207"/>
  <testcase classname="api.tests.UserTestUsingPropertiesFileData" name="testGetUser" time="1.494"/>
  <testcase classname="api.tests.UserTestUsingPropertiesFileData" name="testUpdateUserByName" time="2.853"/>
  <testcase classname="api.tests.UserTestUsingPropertiesFileData" name="testDeleteUser" time="1.402"/>
</testsuite> <!-- PetStoreTest -->
