<?xml version="1.0" encoding="UTF-8"?>
<!-- Generated by org.testng.reporters.JUnitReportReporter -->
<testsuite hostname="Sunil_Kashyap" failures="0" tests="4" name="api.tests.UserTest" time="10.352" errors="0" timestamp="2025-10-26T17:36:13 IST" skipped="0">
  <testcase classname="api.tests.UserTest" name="testPostUser" time="3.811"/>
  <testcase classname="api.tests.UserTest" name="testGetUser" time="1.643"/>
  <testcase classname="api.tests.UserTest" name="testUpdateUserByName" time="3.263"/>
  <testcase classname="api.tests.UserTest" name="testDeleteUser" time="1.635"/>
</testsuite> <!-- api.tests.UserTest -->
