<?xml version="1.0" encoding="UTF-8"?>
<!-- Generated by org.testng.reporters.JUnitXMLReporter -->
<testsuite ignored="0" hostname="Sunil_Kashyap" failures="3" tests="4" name="PetStoreTest" time="10.565" errors="0" timestamp="2025-10-18T06:32:45 IST">
  <testcase classname="api.tests.UserTestUsingPropertiesFileData" name="testPostUser" time="4.09"/>
  <testcase classname="api.tests.UserTestUsingPropertiesFileData" name="testGetUser" time="1.502">
    <failure type="java.lang.AssertionError" message="expected [200] but found [404]">
      <![CDATA[java.lang.AssertionError: expected [200] but found [404]
at api.tests.UserTestUsingPropertiesFileData.testGetUser(UserTestUsingPropertiesFileData.java:60)
at java.base/java.util.ArrayList.forEach(ArrayList.java:1541)
... Removed 34 stack frames]]>
    </failure>
  </testcase> <!-- testGetUser -->
  <testcase classname="api.tests.UserTestUsingPropertiesFileData" name="testUpdateUserByName" time="2.785">
    <failure type="java.lang.AssertionError" message="expected [200] but found [404]">
      <![CDATA[java.lang.AssertionError: expected [200] but found [404]
at api.tests.UserTestUsingPropertiesFileData.testUpdateUserByName(UserTestUsingPropertiesFileData.java:77)
at java.base/java.util.ArrayList.forEach(ArrayList.java:1541)
... Removed 34 stack frames]]>
    </failure>
  </testcase> <!-- testUpdateUserByName -->
  <testcase classname="api.tests.UserTestUsingPropertiesFileData" name="testDeleteUser" time="1.359">
    <failure type="java.lang.AssertionError" message="expected [200] but found [404]">
      <![CDATA[java.lang.AssertionError: expected [200] but found [404]
at api.tests.UserTestUsingPropertiesFileData.testDeleteUser(UserTestUsingPropertiesFileData.java:88)
at java.base/java.util.ArrayList.forEach(ArrayList.java:1541)
... Removed 34 stack frames]]>
    </failure>
  </testcase> <!-- testDeleteUser -->
</testsuite> <!-- PetStoreTest -->
