<?xml version="1.0" encoding="UTF-8"?>
<!-- Generated by org.testng.reporters.JUnitReportReporter -->
<testsuite hostname="Sunil_Kashyap" failures="0" tests="4" name="api.tests.UserTestUsingPropertiesFileData" time="8.956" errors="0" timestamp="2025-10-18T07:34:28 IST" skipped="0">
  <testcase classname="api.tests.UserTestUsingPropertiesFileData" name="testPostUser" time="3.207"/>
  <testcase classname="api.tests.UserTestUsingPropertiesFileData" name="testGetUser" time="1.494"/>
  <testcase classname="api.tests.UserTestUsingPropertiesFileData" name="testUpdateUserByName" time="2.853"/>
  <testcase classname="api.tests.UserTestUsingPropertiesFileData" name="testDeleteUser" time="1.402"/>
</testsuite> <!-- api.tests.UserTestUsingPropertiesFileData -->
